<?xml version="1.0" encoding="UTF-8"?>
<testsuite xmlns:xsi="http://www.w3.org/2001/XMLSchema-instance" xsi:noNamespaceSchemaLocation="https://maven.apache.org/surefire/maven-surefire-plugin/xsd/surefire-test-report.xsd" version="3.0.2" name="com.example.acgforum.AcgForumApplicationTests" time="2.901" tests="1" errors="0" skipped="0" failures="0">
  <properties>
    <property name="java.specification.version" value="23"/>
    <property name="sun.cpu.isalist" value="amd64"/>
    <property name="sun.jnu.encoding" value="GBK"/>
    <property name="java.class.path" value="D:\WorkSpace\AcgForum\Backend\target\test-classes;D:\WorkSpace\AcgForum\Backend\target\classes;D:\maven_repository\org\springframework\boot\spring-boot-starter-jdbc\3.4.0\spring-boot-starter-jdbc-3.4.0.jar;D:\maven_repository\org\springframework\boot\spring-boot-starter\3.4.0\spring-boot-starter-3.4.0.jar;D:\maven_repository\org\springframework\boot\spring-boot\3.4.0\spring-boot-3.4.0.jar;D:\maven_repository\org\springframework\boot\spring-boot-autoconfigure\3.4.0\spring-boot-autoconfigure-3.4.0.jar;D:\maven_repository\org\springframework\boot\spring-boot-starter-logging\3.4.0\spring-boot-starter-logging-3.4.0.jar;D:\maven_repository\ch\qos\logback\logback-classic\1.5.12\logback-classic-1.5.12.jar;D:\maven_repository\ch\qos\logback\logback-core\1.5.12\logback-core-1.5.12.jar;D:\maven_repository\org\apache\logging\log4j\log4j-to-slf4j\2.24.1\log4j-to-slf4j-2.24.1.jar;D:\maven_repository\org\apache\logging\log4j\log4j-api\2.24.1\log4j-api-2.24.1.jar;D:\maven_repository\org\slf4j\jul-to-slf4j\2.0.16\jul-to-slf4j-2.0.16.jar;D:\maven_repository\jakarta\annotation\jakarta.annotation-api\2.1.1\jakarta.annotation-api-2.1.1.jar;D:\maven_repository\org\yaml\snakeyaml\2.3\snakeyaml-2.3.jar;D:\maven_repository\com\zaxxer\HikariCP\5.1.0\HikariCP-5.1.0.jar;D:\maven_repository\org\slf4j\slf4j-api\2.0.16\slf4j-api-2.0.16.jar;D:\maven_repository\org\springframework\spring-jdbc\6.2.0\spring-jdbc-6.2.0.jar;D:\maven_repository\org\springframework\spring-beans\6.2.0\spring-beans-6.2.0.jar;D:\maven_repository\org\springframework\spring-tx\6.2.0\spring-tx-6.2.0.jar;D:\maven_repository\org\springframework\boot\spring-boot-starter-web\3.4.0\spring-boot-starter-web-3.4.0.jar;D:\maven_repository\org\springframework\boot\spring-boot-starter-json\3.4.0\spring-boot-starter-json-3.4.0.jar;D:\maven_repository\com\fasterxml\jackson\core\jackson-databind\2.18.1\jackson-databind-2.18.1.jar;D:\maven_repository\com\fasterxml\jackson\core\jackson-annotations\2.18.1\jackson-annotations-2.18.1.jar;D:\maven_repository\com\fasterxml\jackson\core\jackson-core\2.18.1\jackson-core-2.18.1.jar;D:\maven_repository\com\fasterxml\jackson\datatype\jackson-datatype-jdk8\2.18.1\jackson-datatype-jdk8-2.18.1.jar;D:\maven_repository\com\fasterxml\jackson\datatype\jackson-datatype-jsr310\2.18.1\jackson-datatype-jsr310-2.18.1.jar;D:\maven_repository\com\fasterxml\jackson\module\jackson-module-parameter-names\2.18.1\jackson-module-parameter-names-2.18.1.jar;D:\maven_repository\org\springframework\boot\spring-boot-starter-tomcat\3.4.0\spring-boot-starter-tomcat-3.4.0.jar;D:\maven_repository\org\apache\tomcat\embed\tomcat-embed-core\10.1.33\tomcat-embed-core-10.1.33.jar;D:\maven_repository\org\apache\tomcat\embed\tomcat-embed-el\10.1.33\tomcat-embed-el-10.1.33.jar;D:\maven_repository\org\apache\tomcat\embed\tomcat-embed-websocket\10.1.33\tomcat-embed-websocket-10.1.33.jar;D:\maven_repository\org\springframework\spring-web\6.2.0\spring-web-6.2.0.jar;D:\maven_repository\io\micrometer\micrometer-observation\1.14.1\micrometer-observation-1.14.1.jar;D:\maven_repository\io\micrometer\micrometer-commons\1.14.1\micrometer-commons-1.14.1.jar;D:\maven_repository\org\springframework\spring-webmvc\6.2.0\spring-webmvc-6.2.0.jar;D:\maven_repository\org\springframework\spring-aop\6.2.0\spring-aop-6.2.0.jar;D:\maven_repository\org\springframework\spring-context\6.2.0\spring-context-6.2.0.jar;D:\maven_repository\org\springframework\spring-expression\6.2.0\spring-expression-6.2.0.jar;D:\maven_repository\org\mybatis\spring\boot\mybatis-spring-boot-starter\3.0.4\mybatis-spring-boot-starter-3.0.4.jar;D:\maven_repository\org\mybatis\spring\boot\mybatis-spring-boot-autoconfigure\3.0.4\mybatis-spring-boot-autoconfigure-3.0.4.jar;D:\maven_repository\org\mybatis\mybatis\3.5.17\mybatis-3.5.17.jar;D:\maven_repository\org\mybatis\mybatis-spring\3.0.4\mybatis-spring-3.0.4.jar;D:\maven_repository\com\mysql\mysql-connector-j\9.1.0\mysql-connector-j-9.1.0.jar;D:\maven_repository\org\projectlombok\lombok\1.18.24\lombok-1.18.24.jar;D:\maven_repository\org\springframework\boot\spring-boot-starter-test\3.4.0\spring-boot-starter-test-3.4.0.jar;D:\maven_repository\org\springframework\boot\spring-boot-test\3.4.0\spring-boot-test-3.4.0.jar;D:\maven_repository\org\springframework\boot\spring-boot-test-autoconfigure\3.4.0\spring-boot-test-autoconfigure-3.4.0.jar;D:\maven_repository\com\jayway\jsonpath\json-path\2.9.0\json-path-2.9.0.jar;D:\maven_repository\jakarta\xml\bind\jakarta.xml.bind-api\4.0.2\jakarta.xml.bind-api-4.0.2.jar;D:\maven_repository\jakarta\activation\jakarta.activation-api\2.1.3\jakarta.activation-api-2.1.3.jar;D:\maven_repository\net\minidev\json-smart\2.5.1\json-smart-2.5.1.jar;D:\maven_repository\net\minidev\accessors-smart\2.5.1\accessors-smart-2.5.1.jar;D:\maven_repository\org\ow2\asm\asm\9.6\asm-9.6.jar;D:\maven_repository\org\assertj\assertj-core\3.26.3\assertj-core-3.26.3.jar;D:\maven_repository\net\bytebuddy\byte-buddy\1.15.10\byte-buddy-1.15.10.jar;D:\maven_repository\org\awaitility\awaitility\4.2.2\awaitility-4.2.2.jar;D:\maven_repository\org\hamcrest\hamcrest\2.2\hamcrest-2.2.jar;D:\maven_repository\org\junit\jupiter\junit-jupiter\5.11.3\junit-jupiter-5.11.3.jar;D:\maven_repository\org\junit\jupiter\junit-jupiter-api\5.11.3\junit-jupiter-api-5.11.3.jar;D:\maven_repository\org\opentest4j\opentest4j\1.3.0\opentest4j-1.3.0.jar;D:\maven_repository\org\junit\platform\junit-platform-commons\1.11.3\junit-platform-commons-1.11.3.jar;D:\maven_repository\org\apiguardian\apiguardian-api\1.1.2\apiguardian-api-1.1.2.jar;D:\maven_repository\org\junit\jupiter\junit-jupiter-params\5.11.3\junit-jupiter-params-5.11.3.jar;D:\maven_repository\org\junit\jupiter\junit-jupiter-engine\5.11.3\junit-jupiter-engine-5.11.3.jar;D:\maven_repository\org\junit\platform\junit-platform-engine\1.11.3\junit-platform-engine-1.11.3.jar;D:\maven_repository\org\mockito\mockito-core\5.14.2\mockito-core-5.14.2.jar;D:\maven_repository\net\bytebuddy\byte-buddy-agent\1.15.10\byte-buddy-agent-1.15.10.jar;D:\maven_repository\org\objenesis\objenesis\3.3\objenesis-3.3.jar;D:\maven_repository\org\mockito\mockito-junit-jupiter\5.14.2\mockito-junit-jupiter-5.14.2.jar;D:\maven_repository\org\skyscreamer\jsonassert\1.5.3\jsonassert-1.5.3.jar;D:\maven_repository\com\vaadin\external\google\android-json\0.0.20131108.vaadin1\android-json-0.0.20131108.vaadin1.jar;D:\maven_repository\org\springframework\spring-core\6.2.0\spring-core-6.2.0.jar;D:\maven_repository\org\springframework\spring-jcl\6.2.0\spring-jcl-6.2.0.jar;D:\maven_repository\org\springframework\spring-test\6.2.0\spring-test-6.2.0.jar;D:\maven_repository\org\xmlunit\xmlunit-core\2.10.0\xmlunit-core-2.10.0.jar;D:\maven_repository\org\mybatis\spring\boot\mybatis-spring-boot-starter-test\3.0.4\mybatis-spring-boot-starter-test-3.0.4.jar;D:\maven_repository\org\mybatis\spring\boot\mybatis-spring-boot-test-autoconfigure\3.0.4\mybatis-spring-boot-test-autoconfigure-3.0.4.jar;"/>
    <property name="java.vm.vendor" value="Oracle Corporation"/>
    <property name="sun.arch.data.model" value="64"/>
    <property name="user.variant" value=""/>
    <property name="java.vendor.url" value="https://java.oracle.com/"/>
    <property name="user.timezone" value="Asia/Shanghai"/>
    <property name="os.name" value="Windows 11"/>
    <property name="java.vm.specification.version" value="23"/>
    <property name="APPLICATION_NAME" value="acgForum"/>
    <property name="sun.java.launcher" value="SUN_STANDARD"/>
    <property name="user.country" value="CN"/>
    <property name="sun.boot.library.path" value="C:\Program Files\Java\jdk-23\bin"/>
    <property name="sun.java.command" value="C:\Users\locher\AppData\Local\Temp\surefire6538644391743371761\surefirebooter-20250121080939340_3.jar C:\Users\locher\AppData\Local\Temp\surefire6538644391743371761 2025-01-21T08-09-39_182-jvmRun1 surefire-20250121080939340_1tmp surefire_0-20250121080939340_2tmp"/>
    <property name="jdk.debug" value="release"/>
    <property name="surefire.test.class.path" value="D:\WorkSpace\AcgForum\Backend\target\test-classes;D:\WorkSpace\AcgForum\Backend\target\classes;D:\maven_repository\org\springframework\boot\spring-boot-starter-jdbc\3.4.0\spring-boot-starter-jdbc-3.4.0.jar;D:\maven_repository\org\springframework\boot\spring-boot-starter\3.4.0\spring-boot-starter-3.4.0.jar;D:\maven_repository\org\springframework\boot\spring-boot\3.4.0\spring-boot-3.4.0.jar;D:\maven_repository\org\springframework\boot\spring-boot-autoconfigure\3.4.0\spring-boot-autoconfigure-3.4.0.jar;D:\maven_repository\org\springframework\boot\spring-boot-starter-logging\3.4.0\spring-boot-starter-logging-3.4.0.jar;D:\maven_repository\ch\qos\logback\logback-classic\1.5.12\logback-classic-1.5.12.jar;D:\maven_repository\ch\qos\logback\logback-core\1.5.12\logback-core-1.5.12.jar;D:\maven_repository\org\apache\logging\log4j\log4j-to-slf4j\2.24.1\log4j-to-slf4j-2.24.1.jar;D:\maven_repository\org\apache\logging\log4j\log4j-api\2.24.1\log4j-api-2.24.1.jar;D:\maven_repository\org\slf4j\jul-to-slf4j\2.0.16\jul-to-slf4j-2.0.16.jar;D:\maven_repository\jakarta\annotation\jakarta.annotation-api\2.1.1\jakarta.annotation-api-2.1.1.jar;D:\maven_repository\org\yaml\snakeyaml\2.3\snakeyaml-2.3.jar;D:\maven_repository\com\zaxxer\HikariCP\5.1.0\HikariCP-5.1.0.jar;D:\maven_repository\org\slf4j\slf4j-api\2.0.16\slf4j-api-2.0.16.jar;D:\maven_repository\org\springframework\spring-jdbc\6.2.0\spring-jdbc-6.2.0.jar;D:\maven_repository\org\springframework\spring-beans\6.2.0\spring-beans-6.2.0.jar;D:\maven_repository\org\springframework\spring-tx\6.2.0\spring-tx-6.2.0.jar;D:\maven_repository\org\springframework\boot\spring-boot-starter-web\3.4.0\spring-boot-starter-web-3.4.0.jar;D:\maven_repository\org\springframework\boot\spring-boot-starter-json\3.4.0\spring-boot-starter-json-3.4.0.jar;D:\maven_repository\com\fasterxml\jackson\core\jackson-databind\2.18.1\jackson-databind-2.18.1.jar;D:\maven_repository\com\fasterxml\jackson\core\jackson-annotations\2.18.1\jackson-annotations-2.18.1.jar;D:\maven_repository\com\fasterxml\jackson\core\jackson-core\2.18.1\jackson-core-2.18.1.jar;D:\maven_repository\com\fasterxml\jackson\datatype\jackson-datatype-jdk8\2.18.1\jackson-datatype-jdk8-2.18.1.jar;D:\maven_repository\com\fasterxml\jackson\datatype\jackson-datatype-jsr310\2.18.1\jackson-datatype-jsr310-2.18.1.jar;D:\maven_repository\com\fasterxml\jackson\module\jackson-module-parameter-names\2.18.1\jackson-module-parameter-names-2.18.1.jar;D:\maven_repository\org\springframework\boot\spring-boot-starter-tomcat\3.4.0\spring-boot-starter-tomcat-3.4.0.jar;D:\maven_repository\org\apache\tomcat\embed\tomcat-embed-core\10.1.33\tomcat-embed-core-10.1.33.jar;D:\maven_repository\org\apache\tomcat\embed\tomcat-embed-el\10.1.33\tomcat-embed-el-10.1.33.jar;D:\maven_repository\org\apache\tomcat\embed\tomcat-embed-websocket\10.1.33\tomcat-embed-websocket-10.1.33.jar;D:\maven_repository\org\springframework\spring-web\6.2.0\spring-web-6.2.0.jar;D:\maven_repository\io\micrometer\micrometer-observation\1.14.1\micrometer-observation-1.14.1.jar;D:\maven_repository\io\micrometer\micrometer-commons\1.14.1\micrometer-commons-1.14.1.jar;D:\maven_repository\org\springframework\spring-webmvc\6.2.0\spring-webmvc-6.2.0.jar;D:\maven_repository\org\springframework\spring-aop\6.2.0\spring-aop-6.2.0.jar;D:\maven_repository\org\springframework\spring-context\6.2.0\spring-context-6.2.0.jar;D:\maven_repository\org\springframework\spring-expression\6.2.0\spring-expression-6.2.0.jar;D:\maven_repository\org\mybatis\spring\boot\mybatis-spring-boot-starter\3.0.4\mybatis-spring-boot-starter-3.0.4.jar;D:\maven_repository\org\mybatis\spring\boot\mybatis-spring-boot-autoconfigure\3.0.4\mybatis-spring-boot-autoconfigure-3.0.4.jar;D:\maven_repository\org\mybatis\mybatis\3.5.17\mybatis-3.5.17.jar;D:\maven_repository\org\mybatis\mybatis-spring\3.0.4\mybatis-spring-3.0.4.jar;D:\maven_repository\com\mysql\mysql-connector-j\9.1.0\mysql-connector-j-9.1.0.jar;D:\maven_repository\org\projectlombok\lombok\1.18.24\lombok-1.18.24.jar;D:\maven_repository\org\springframework\boot\spring-boot-starter-test\3.4.0\spring-boot-starter-test-3.4.0.jar;D:\maven_repository\org\springframework\boot\spring-boot-test\3.4.0\spring-boot-test-3.4.0.jar;D:\maven_repository\org\springframework\boot\spring-boot-test-autoconfigure\3.4.0\spring-boot-test-autoconfigure-3.4.0.jar;D:\maven_repository\com\jayway\jsonpath\json-path\2.9.0\json-path-2.9.0.jar;D:\maven_repository\jakarta\xml\bind\jakarta.xml.bind-api\4.0.2\jakarta.xml.bind-api-4.0.2.jar;D:\maven_repository\jakarta\activation\jakarta.activation-api\2.1.3\jakarta.activation-api-2.1.3.jar;D:\maven_repository\net\minidev\json-smart\2.5.1\json-smart-2.5.1.jar;D:\maven_repository\net\minidev\accessors-smart\2.5.1\accessors-smart-2.5.1.jar;D:\maven_repository\org\ow2\asm\asm\9.6\asm-9.6.jar;D:\maven_repository\org\assertj\assertj-core\3.26.3\assertj-core-3.26.3.jar;D:\maven_repository\net\bytebuddy\byte-buddy\1.15.10\byte-buddy-1.15.10.jar;D:\maven_repository\org\awaitility\awaitility\4.2.2\awaitility-4.2.2.jar;D:\maven_repository\org\hamcrest\hamcrest\2.2\hamcrest-2.2.jar;D:\maven_repository\org\junit\jupiter\junit-jupiter\5.11.3\junit-jupiter-5.11.3.jar;D:\maven_repository\org\junit\jupiter\junit-jupiter-api\5.11.3\junit-jupiter-api-5.11.3.jar;D:\maven_repository\org\opentest4j\opentest4j\1.3.0\opentest4j-1.3.0.jar;D:\maven_repository\org\junit\platform\junit-platform-commons\1.11.3\junit-platform-commons-1.11.3.jar;D:\maven_repository\org\apiguardian\apiguardian-api\1.1.2\apiguardian-api-1.1.2.jar;D:\maven_repository\org\junit\jupiter\junit-jupiter-params\5.11.3\junit-jupiter-params-5.11.3.jar;D:\maven_repository\org\junit\jupiter\junit-jupiter-engine\5.11.3\junit-jupiter-engine-5.11.3.jar;D:\maven_repository\org\junit\platform\junit-platform-engine\1.11.3\junit-platform-engine-1.11.3.jar;D:\maven_repository\org\mockito\mockito-core\5.14.2\mockito-core-5.14.2.jar;D:\maven_repository\net\bytebuddy\byte-buddy-agent\1.15.10\byte-buddy-agent-1.15.10.jar;D:\maven_repository\org\objenesis\objenesis\3.3\objenesis-3.3.jar;D:\maven_repository\org\mockito\mockito-junit-jupiter\5.14.2\mockito-junit-jupiter-5.14.2.jar;D:\maven_repository\org\skyscreamer\jsonassert\1.5.3\jsonassert-1.5.3.jar;D:\maven_repository\com\vaadin\external\google\android-json\0.0.20131108.vaadin1\android-json-0.0.20131108.vaadin1.jar;D:\maven_repository\org\springframework\spring-core\6.2.0\spring-core-6.2.0.jar;D:\maven_repository\org\springframework\spring-jcl\6.2.0\spring-jcl-6.2.0.jar;D:\maven_repository\org\springframework\spring-test\6.2.0\spring-test-6.2.0.jar;D:\maven_repository\org\xmlunit\xmlunit-core\2.10.0\xmlunit-core-2.10.0.jar;D:\maven_repository\org\mybatis\spring\boot\mybatis-spring-boot-starter-test\3.0.4\mybatis-spring-boot-starter-test-3.0.4.jar;D:\maven_repository\org\mybatis\spring\boot\mybatis-spring-boot-test-autoconfigure\3.0.4\mybatis-spring-boot-test-autoconfigure-3.0.4.jar;"/>
    <property name="sun.cpu.endian" value="little"/>
    <property name="user.home" value="C:\Users\locher"/>
    <property name="user.language" value="zh"/>
    <property name="java.specification.vendor" value="Oracle Corporation"/>
    <property name="java.version.date" value="2024-09-17"/>
    <property name="java.home" value="C:\Program Files\Java\jdk-23"/>
    <property name="file.separator" value="\"/>
    <property name="basedir" value="D:\WorkSpace\AcgForum\Backend"/>
    <property name="java.vm.compressedOopsMode" value="Zero based"/>
    <property name="line.separator" value="&#10;"/>
    <property name="java.vm.specification.vendor" value="Oracle Corporation"/>
    <property name="java.specification.name" value="Java Platform API Specification"/>
    <property name="FILE_LOG_CHARSET" value="UTF-8"/>
    <property name="java.awt.headless" value="true"/>
    <property name="surefire.real.class.path" value="C:\Users\locher\AppData\Local\Temp\surefire6538644391743371761\surefirebooter-20250121080939340_3.jar"/>
    <property name="user.script" value=""/>
    <property name="sun.management.compiler" value="HotSpot 64-Bit Tiered Compilers"/>
    <property name="java.runtime.version" value="23+37-2369"/>
    <property name="user.name" value="locher"/>
    <property name="stdout.encoding" value="GBK"/>
    <property name="path.separator" value=";"/>
    <property name="os.version" value="10.0"/>
    <property name="java.runtime.name" value="Java(TM) SE Runtime Environment"/>
    <property name="file.encoding" value="UTF-8"/>
    <property name="java.vm.name" value="Java HotSpot(TM) 64-Bit Server VM"/>
    <property name="localRepository" value="D:\maven_repository"/>
    <property name="java.vendor.url.bug" value="https://bugreport.java.com/bugreport/"/>
    <property name="java.io.tmpdir" value="C:\Users\locher\AppData\Local\Temp\"/>
    <property name="java.version" value="23"/>
    <property name="user.dir" value="D:\WorkSpace\AcgForum\Backend"/>
    <property name="os.arch" value="amd64"/>
    <property name="java.vm.specification.name" value="Java Virtual Machine Specification"/>
    <property name="PID" value="9360"/>
    <property name="sun.os.patch.level" value=""/>
    <property name="CONSOLE_LOG_CHARSET" value="UTF-8"/>
    <property name="native.encoding" value="GBK"/>
    <property name="java.library.path" value="C:\Program Files\Java\jdk-23\bin;C:\WINDOWS\Sun\Java\bin;C:\WINDOWS\system32;C:\WINDOWS;D:\apache-maven-3.8.8-bin\apache-maven-3.8.8\bin;C:\Python312\Scripts\;C:\Python312\;C:\Program Files\Common Files\Oracle\Java\javapath;D:\VMware\bin\;C:\Windows\system32;C:\Windows;C:\Windows\System32\Wbem;C:\Windows\System32\WindowsPowerShell\v1.0\;C:\Windows\System32\OpenSSH\;C:\Program Files (x86)\NVIDIA Corporation\PhysX\Common;C:\Program Files\NVIDIA Corporation\NVIDIA NvDLISR;C:\Program Files\Microsoft SQL Server\150\Tools\Binn\;C:\Program Files\dotnet\;C:\WINDOWS\system32;C:\WINDOWS;C:\WINDOWS\System32\Wbem;C:\WINDOWS\System32\WindowsPowerShell\v1.0\;C:\WINDOWS\System32\OpenSSH\;C:\Program Files (x86)\Windows Kits\10\Windows Performance Toolkit\;C:\Program Files\Microsoft Visual Studio\2022\Community\Common7\IDE;C:\Program Files\Git\cmd;C:\Program Files (x86)\dotnet\;C:\Program Files\MySQL\MySQL Server 8.0\bin;D:\Several Programs\Node\;C:\ProgramData\chocolatey\bin;C:\WINDOWS\system32;C:\WINDOWS;C:\WINDOWS\System32\Wbem;C:\WINDOWS\System32\WindowsPowerShell\v1.0\;C:\WINDOWS\System32\OpenSSH\;C:\Program Files\Java\jdk-23\bin\;C:\Program Files\MySQL\MySQL Shell 8.0\bin\;C:\Users\locher\algs4\bin;C:\Users\locher\algs4\java\bin;C:\Users\locher\AppData\Local\Microsoft\WindowsApps;C:\Users\locher\.dotnet\tools;C:\Program Files\JetBrains\IntelliJ IDEA 2024.1.1\bin;C:\Users\locher\.dotnet\tools;C:\Users\locher\AppData\Local\Programs\Microsoft VS Code\bin;C:\Program Files\JetBrains\DataGrip 2024.2.2\bin;;C:\Users\locher\AppData\Roaming\npm;C:\Users\locher\AppData\Local\Microsoft\WindowsApps;;."/>
    <property name="java.vm.info" value="mixed mode, sharing"/>
    <property name="stderr.encoding" value="GBK"/>
    <property name="java.vendor" value="Oracle Corporation"/>
    <property name="java.vm.version" value="23+37-2369"/>
    <property name="sun.io.unicode.encoding" value="UnicodeLittle"/>
    <property name="java.class.version" value="67.0"/>
    <property name="LOGGED_APPLICATION_NAME" value="[acgForum] "/>
  </properties>
  <testcase name="contextLoads" classname="com.example.acgforum.AcgForumApplicationTests" time="0.716">
    <system-out><![CDATA[08:09:40.375 [main] INFO org.springframework.test.context.support.AnnotationConfigContextLoaderUtils -- Could not detect default configuration classes for test class [com.example.acgforum.AcgForumApplicationTests]: AcgForumApplicationTests does not declare any static, non-private, non-final, nested classes annotated with @Configuration.
08:09:40.487 [main] INFO org.springframework.boot.test.context.SpringBootTestContextBootstrapper -- Found @SpringBootConfiguration com.example.acgforum.AcgForumApplication for test class com.example.acgforum.AcgForumApplicationTests

  .   ____          _            __ _ _
 /\\ / ___'_ __ _ _(_)_ __  __ _ \ \ \ \
( ( )\___ | '_ | '_| | '_ \/ _` | \ \ \ \
 \\/  ___)| |_)| | | | | || (_| |  ) ) ) )
  '  |____| .__|_| |_|_| |_\__, | / / / /
 =========|_|==============|___/=/_/_/_/

 :: Spring Boot ::                (v3.4.0)

2025-01-21T08:09:40.875+08:00  INFO 9360 --- [acgForum] [           main] c.e.acgforum.AcgForumApplicationTests    : Starting AcgForumApplicationTests using Java 23 with PID 9360 (started by locher in D:\WorkSpace\AcgForum\Backend)
2025-01-21T08:09:40.877+08:00  INFO 9360 --- [acgForum] [           main] c.e.acgforum.AcgForumApplicationTests    : No active profile set, falling back to 1 default profile: "default"
2025-01-21T08:09:42.405+08:00  INFO 9360 --- [acgForum] [           main] c.e.acgforum.AcgForumApplicationTests    : Started AcgForumApplicationTests in 1.795 seconds (process running for 2.946)
]]></system-out>
    <system-err><![CDATA[Mockito is currently self-attaching to enable the inline-mock-maker. This will no longer work in future releases of the JDK. Please add Mockito as an agent to your build what is described in Mockito's documentation: https://javadoc.io/doc/org.mockito/mockito-core/latest/org/mockito/Mockito.html#0.3
WARNING: A Java agent has been loaded dynamically (D:\maven_repository\net\bytebuddy\byte-buddy-agent\1.15.10\byte-buddy-agent-1.15.10.jar)
WARNING: If a serviceability tool is in use, please run with -XX:+EnableDynamicAgentLoading to hide this warning
WARNING: If a serviceability tool is not in use, please run with -Djdk.instrument.traceUsage for more information
WARNING: Dynamic loading of agents will be disallowed by default in a future release
]]></system-err>
  </testcase>
</testsuite>